Flow report for DE2_115_CAMERA
Wed May 16 23:52:53 2012
Quartus II 32-bit Version 11.1 Build 259 01/25/2012 Service Pack 2 SJ Web Edition


---------------------
; Table of Contents ;
---------------------
  1. Legal Notice
  2. Flow Summary
  3. Flow Settings
  4. Flow Non-Default Global Settings
  5. Flow Elapsed Time
  6. Flow OS Summary
  7. Flow Log



----------------
; Legal Notice ;
----------------
Copyright (C) 1991-2011 Altera Corporation
Your use of Altera Corporation's design tools, logic functions 
and other software and tools, and its AMPP partner logic 
functions, and any output files from any of the foregoing 
(including device programming or simulation files), and any 
associated documentation or information are expressly subject 
to the terms and conditions of the Altera Program License 
Subscription Agreement, Altera MegaCore Function License 
Agreement, or other applicable license agreement, including, 
without limitation, that your use is for the sole purpose of 
programming logic devices manufactured by Altera and sold by 
Altera or its authorized distributors.  Please refer to the 
applicable agreement for further details.



+------------------------------------------------------------------------------------+
; Flow Summary                                                                       ;
+------------------------------------+-----------------------------------------------+
; Flow Status                        ; Successful - Wed May 16 23:52:36 2012         ;
; Quartus II 32-bit Version          ; 11.1 Build 259 01/25/2012 SP 2 SJ Web Edition ;
; Revision Name                      ; DE2_115_CAMERA                                ;
; Top-level Entity Name              ; DE2_115_CAMERA                                ;
; Family                             ; Cyclone IV E                                  ;
; Device                             ; EP4CE115F29C7                                 ;
; Timing Models                      ; Final                                         ;
; Total logic elements               ; 2,331 / 114,480 ( 2 % )                       ;
;     Total combinational functions  ; 1,981 / 114,480 ( 2 % )                       ;
;     Dedicated logic registers      ; 1,392 / 114,480 ( 1 % )                       ;
; Total registers                    ; 1392                                          ;
; Total pins                         ; 428 / 529 ( 81 % )                            ;
; Total virtual pins                 ; 0                                             ;
; Total memory bits                  ; 68,360 / 3,981,312 ( 2 % )                    ;
; Embedded Multiplier 9-bit elements ; 30 / 532 ( 6 % )                              ;
; Total PLLs                         ; 1 / 4 ( 25 % )                                ;
+------------------------------------+-----------------------------------------------+


+-----------------------------------------+
; Flow Settings                           ;
+-------------------+---------------------+
; Option            ; Setting             ;
+-------------------+---------------------+
; Start date & time ; 05/16/2012 23:50:18 ;
; Main task         ; Compilation         ;
; Revision Name     ; DE2_115_CAMERA      ;
+-------------------+---------------------+


+------------------------------------------------------------------------------------------------------------------------+
; Flow Non-Default Global Settings                                                                                       ;
+-------------------------------------+---------------------------------------+---------------+-------------+------------+
; Assignment Name                     ; Value                                 ; Default Value ; Entity Name ; Section Id ;
+-------------------------------------+---------------------------------------+---------------+-------------+------------+
; COMPILER_SIGNATURE_ID               ; 120192072592.133722301822146          ; --            ; --          ; --         ;
; ENABLE_SIGNALTAP                    ; Off                                   ; --            ; --          ; --         ;
; IP_TOOL_NAME                        ; ALTPLL                                ; --            ; --          ; --         ;
; IP_TOOL_NAME                        ; Shift register (RAM-based)            ; --            ; --          ; --         ;
; IP_TOOL_VERSION                     ; 9.1                                   ; --            ; --          ; --         ;
; IP_TOOL_VERSION                     ; 9.1                                   ; --            ; --          ; --         ;
; MAX_CORE_JUNCTION_TEMP              ; 85                                    ; --            ; --          ; --         ;
; MIN_CORE_JUNCTION_TEMP              ; 0                                     ; --            ; --          ; --         ;
; MISC_FILE                           ; v/sdram_pll.bsf                       ; --            ; --          ; --         ;
; MISC_FILE                           ; v/sdram_pll.ppf                       ; --            ; --          ; --         ;
; MISC_FILE                           ; v/Line_Buffer1.bsf                    ; --            ; --          ; --         ;
; PARTITION_COLOR                     ; 16764057                              ; --            ; --          ; Top        ;
; PARTITION_FITTER_PRESERVATION_LEVEL ; PLACEMENT_AND_ROUTING                 ; --            ; --          ; Top        ;
; PARTITION_NETLIST_TYPE              ; SOURCE                                ; --            ; --          ; Top        ;
; POWER_BOARD_THERMAL_MODEL           ; None (CONSERVATIVE)                   ; --            ; --          ; --         ;
; POWER_PRESET_COOLING_SOLUTION       ; 23 MM HEAT SINK WITH 200 LFPM AIRFLOW ; --            ; --          ; --         ;
; USE_SIGNALTAP_FILE                  ; stp1.stp                              ; --            ; --          ; --         ;
+-------------------------------------+---------------------------------------+---------------+-------------+------------+


+-------------------------------------------------------------------------------------------------------------------------------+
; Flow Elapsed Time                                                                                                             ;
+---------------------------+--------------+-------------------------+---------------------+------------------------------------+
; Module Name               ; Elapsed Time ; Average Processors Used ; Peak Virtual Memory ; Total CPU Time (on all processors) ;
+---------------------------+--------------+-------------------------+---------------------+------------------------------------+
; Analysis & Synthesis      ; 00:00:31     ; 1.0                     ; --                  ; 00:00:30                           ;
; Fitter                    ; 00:01:17     ; 1.0                     ; --                  ; 00:01:13                           ;
; Assembler                 ; 00:00:16     ; 1.0                     ; --                  ; 00:00:14                           ;
; TimeQuest Timing Analyzer ; 00:00:33     ; 1.0                     ; --                  ; 00:00:25                           ;
; Total                     ; 00:02:37     ; --                      ; --                  ; 00:02:22                           ;
+---------------------------+--------------+-------------------------+---------------------+------------------------------------+


+-----------------------------------------------------------------------------------------------------+
; Flow OS Summary                                                                                     ;
+---------------------------+------------------+------------------+------------------+----------------+
; Module Name               ; Machine Hostname ; OS Name          ; OS Version       ; Processor type ;
+---------------------------+------------------+------------------+------------------+----------------+
; Analysis & Synthesis      ; raul-desktop     ; Debian GNU/Linux ; Debian GNU/Linux ; i686           ;
; Fitter                    ; raul-desktop     ; Debian GNU/Linux ; Debian GNU/Linux ; i686           ;
; Assembler                 ; raul-desktop     ; Debian GNU/Linux ; Debian GNU/Linux ; i686           ;
; TimeQuest Timing Analyzer ; raul-desktop     ; Debian GNU/Linux ; Debian GNU/Linux ; i686           ;
+---------------------------+------------------+------------------+------------------+----------------+


------------
; Flow Log ;
------------
quartus_map --read_settings_files=on --write_settings_files=off DE2_115_CAMERA -c DE2_115_CAMERA
quartus_fit --read_settings_files=off --write_settings_files=off DE2_115_CAMERA -c DE2_115_CAMERA
quartus_asm --read_settings_files=off --write_settings_files=off DE2_115_CAMERA -c DE2_115_CAMERA
quartus_sta DE2_115_CAMERA -c DE2_115_CAMERA



